# JRE version: OpenJDK Runtime Environment (7.0_91-b02) (build 1.7.0_91-b02)
# Java VM: OpenJDK 64-Bit Server VM (24.91-b01 mixed mode linux-amd64 compressed oops)
Heap
 PSYoungGen      total 912896K, used 0K [0x00000007aca80000, 0x0000000800000000, 0x0000000800000000)
  eden space 690688K, 0% used [0x00000007aca80000,0x00000007aca80000,0x00000007d6d00000)
  from space 222208K, 0% used [0x00000007d6d00000,0x00000007d6d00000,0x00000007e4600000)
  to   space 344576K, 0% used [0x00000007eaf80000,0x00000007eaf80000,0x0000000800000000)
 ParOldGen       total 1833984K, used 1825813K [0x0000000706000000, 0x0000000775f00000, 0x00000007aca80000)
  object space 1833984K, 99% used [0x0000000706000000,0x00000007757055e0,0x0000000775f00000)
 PSPermGen       total 21504K, used 12796K [0x00000006fba00000, 0x00000006fcf00000, 0x0000000706000000)
  object space 21504K, 59% used [0x00000006fba00000,0x00000006fc67f1a0,0x00000006fcf00000)
GC Heap History (10 events):
Event: 218.461 GC heap after
Heap after GC invocations=106 (full 13):
 PSYoungGen      total 983040K, used 34316K [0x00000007aca80000, 0x00000007ff200000, 0x0000000800000000)
  eden space 644608K, 0% used [0x00000007aca80000,0x00000007aca80000,0x00000007d4000000)
  from space 338432K, 10% used [0x00000007d4000000,0x00000007d6183260,0x00000007e8a80000)
  to   space 333824K, 0% used [0x00000007eac00000,0x00000007eac00000,0x00000007ff200000)
 ParOldGen       total 1833984K, used 1617032K [0x0000000706000000, 0x0000000775f00000, 0x00000007aca80000)
  object space 1833984K, 88% used [0x0000000706000000,0x0000000768b22108,0x0000000775f00000)
 PSPermGen       total 21504K, used 12795K [0x00000006fba00000, 0x00000006fcf00000, 0x0000000706000000)
  object space 21504K, 59% used [0x00000006fba00000,0x00000006fc67ee50,0x00000006fcf00000)
}
Event: 222.044 GC heap before
{Heap before GC invocations=107 (full 13):
 PSYoungGen      total 983040K, used 678924K [0x00000007aca80000, 0x00000007ff200000, 0x0000000800000000)
  eden space 644608K, 100% used [0x00000007aca80000,0x00000007d4000000,0x00000007d4000000)
  from space 338432K, 10% used [0x00000007d4000000,0x00000007d6183260,0x00000007e8a80000)
  to   space 333824K, 0% used [0x00000007eac00000,0x00000007eac00000,0x00000007ff200000)
 ParOldGen       total 1833984K, used 1617032K [0x0000000706000000, 0x0000000775f00000, 0x00000007aca80000)
  object space 1833984K, 88% used [0x0000000706000000,0x0000000768b22108,0x0000000775f00000)
 PSPermGen       total 21504K, used 12795K [0x00000006fba00000, 0x00000006fcf00000, 0x0000000706000000)
  object space 21504K, 59% used [0x00000006fba00000,0x00000006fc67ee50,0x00000006fcf00000)
Event: 222.117 GC heap after
Heap after GC invocations=107 (full 13):
 PSYoungGen      total 1014272K, used 66076K [0x00000007aca80000, 0x0000000800000000, 0x0000000800000000)
  eden space 680448K, 0% used [0x00000007aca80000,0x00000007aca80000,0x00000007d6300000)
  from space 333824K, 19% used [0x00000007eac00000,0x00000007eec87008,0x00000007ff200000)
  to   space 336896K, 0% used [0x00000007d6300000,0x00000007d6300000,0x00000007eac00000)
 ParOldGen       total 1833984K, used 1630690K [0x0000000706000000, 0x0000000775f00000, 0x00000007aca80000)
  object space 1833984K, 88% used [0x0000000706000000,0x00000007698788b0,0x0000000775f00000)
 PSPermGen       total 21504K, used 12795K [0x00000006fba00000, 0x00000006fcf00000, 0x0000000706000000)
  object space 21504K, 59% used [0x00000006fba00000,0x00000006fc67ee50,0x00000006fcf00000)
}
Event: 225.452 GC heap before
{Heap before GC invocations=108 (full 13):
 PSYoungGen      total 1014272K, used 746524K [0x00000007aca80000, 0x0000000800000000, 0x0000000800000000)
  eden space 680448K, 100% used [0x00000007aca80000,0x00000007d6300000,0x00000007d6300000)
  from space 333824K, 19% used [0x00000007eac00000,0x00000007eec87008,0x00000007ff200000)
  to   space 336896K, 0% used [0x00000007d6300000,0x00000007d6300000,0x00000007eac00000)
 ParOldGen       total 1833984K, used 1630690K [0x0000000706000000, 0x0000000775f00000, 0x00000007aca80000)
  object space 1833984K, 88% used [0x0000000706000000,0x00000007698788b0,0x0000000775f00000)
 PSPermGen       total 21504K, used 12796K [0x00000006fba00000, 0x00000006fcf00000, 0x0000000706000000)
  object space 21504K, 59% used [0x00000006fba00000,0x00000006fc67f000,0x00000006fcf00000)
Event: 225.504 GC heap after
Heap after GC invocations=108 (full 13):
 PSYoungGen      total 1017344K, used 56074K [0x00000007aca80000, 0x0000000800000000, 0x0000000800000000)
  eden space 680448K, 0% used [0x00000007aca80000,0x00000007aca80000,0x00000007d6300000)
  from space 336896K, 16% used [0x00000007d6300000,0x00000007d99c2850,0x00000007eac00000)
  to   space 337920K, 0% used [0x00000007eb600000,0x00000007eb600000,0x0000000800000000)
 ParOldGen       total 1833984K, used 1667984K [0x0000000706000000, 0x0000000775f00000, 0x00000007aca80000)
  object space 1833984K, 90% used [0x0000000706000000,0x000000076bce4118,0x0000000775f00000)
 PSPermGen       total 21504K, used 12796K [0x00000006fba00000, 0x00000006fcf00000, 0x0000000706000000)
  object space 21504K, 59% used [0x00000006fba00000,0x00000006fc67f000,0x00000006fcf00000)
}
Event: 228.736 GC heap before
{Heap before GC invocations=109 (full 13):
 PSYoungGen      total 1017344K, used 736522K [0x00000007aca80000, 0x0000000800000000, 0x0000000800000000)
  eden space 680448K, 100% used [0x00000007aca80000,0x00000007d6300000,0x00000007d6300000)
  from space 336896K, 16% used [0x00000007d6300000,0x00000007d99c2850,0x00000007eac00000)
  to   space 337920K, 0% used [0x00000007eb600000,0x00000007eb600000,0x0000000800000000)
 ParOldGen       total 1833984K, used 1667984K [0x0000000706000000, 0x0000000775f00000, 0x00000007aca80000)
  object space 1833984K, 90% used [0x0000000706000000,0x000000076bce4118,0x0000000775f00000)
 PSPermGen       total 21504K, used 12796K [0x00000006fba00000, 0x00000006fcf00000, 0x0000000706000000)
  object space 21504K, 59% used [0x00000006fba00000,0x00000006fc67f1a0,0x00000006fcf00000)
Event: 228.819 GC heap after
Heap after GC invocations=109 (full 13):
 PSYoungGen      total 1024512K, used 62258K [0x00000007aca80000, 0x00000007ffc00000, 0x0000000800000000)
  eden space 690688K, 0% used [0x00000007aca80000,0x00000007aca80000,0x00000007d6d00000)
  from space 333824K, 18% used [0x00000007eb600000,0x00000007ef2cc908,0x00000007ffc00000)
  to   space 335360K, 0% used [0x00000007d6d00000,0x00000007d6d00000,0x00000007eb480000)
 ParOldGen       total 1833984K, used 1725366K [0x0000000706000000, 0x0000000775f00000, 0x00000007aca80000)
  object space 1833984K, 94% used [0x0000000706000000,0x000000076f4ed948,0x0000000775f00000)
 PSPermGen       total 21504K, used 12796K [0x00000006fba00000, 0x00000006fcf00000, 0x0000000706000000)
  object space 21504K, 59% used [0x00000006fba00000,0x00000006fc67f1a0,0x00000006fcf00000)
}
Event: 231.563 GC heap before
{Heap before GC invocations=110 (full 13):
 PSYoungGen      total 1024512K, used 752946K [0x00000007aca80000, 0x00000007ffc00000, 0x0000000800000000)
  eden space 690688K, 100% used [0x00000007aca80000,0x00000007d6d00000,0x00000007d6d00000)
  from space 333824K, 18% used [0x00000007eb600000,0x00000007ef2cc908,0x00000007ffc00000)
  to   space 335360K, 0% used [0x00000007d6d00000,0x00000007d6d00000,0x00000007eb480000)
 ParOldGen       total 1833984K, used 1725366K [0x0000000706000000, 0x0000000775f00000, 0x00000007aca80000)
  object space 1833984K, 94% used [0x0000000706000000,0x000000076f4ed948,0x0000000775f00000)
 PSPermGen       total 21504K, used 12796K [0x00000006fba00000, 0x00000006fcf00000, 0x0000000706000000)
  object space 21504K, 59% used [0x00000006fba00000,0x00000006fc67f1a0,0x00000006fcf00000)
Event: 231.723 GC heap after
Heap after GC invocations=110 (full 13):
 PSYoungGen      total 912896K, used 221869K [0x00000007aca80000, 0x0000000800000000, 0x0000000800000000)
  eden space 690688K, 0% used [0x00000007aca80000,0x00000007aca80000,0x00000007d6d00000)
  from space 222208K, 99% used [0x00000007d6d00000,0x00000007e45ab510,0x00000007e4600000)
  to   space 344576K, 0% used [0x00000007eaf80000,0x00000007eaf80000,0x0000000800000000)
 ParOldGen       total 1833984K, used 1779724K [0x0000000706000000, 0x0000000775f00000, 0x00000007aca80000)
  object space 1833984K, 97% used [0x0000000706000000,0x0000000772a032a0,0x0000000775f00000)
 PSPermGen       total 21504K, used 12796K [0x00000006fba00000, 0x00000006fcf00000, 0x0000000706000000)
  object space 21504K, 59% used [0x00000006fba00000,0x00000006fc67f1a0,0x00000006fcf00000)
}
Event: 231.756 GC heap before
{Heap before GC invocations=111 (full 14):
 PSYoungGen      total 912896K, used 221869K [0x00000007aca80000, 0x0000000800000000, 0x0000000800000000)
  eden space 690688K, 0% used [0x00000007aca80000,0x00000007aca80000,0x00000007d6d00000)
  from space 222208K, 99% used [0x00000007d6d00000,0x00000007e45ab510,0x00000007e4600000)
  to   space 344576K, 0% used [0x00000007eaf80000,0x00000007eaf80000,0x0000000800000000)
 ParOldGen       total 1833984K, used 1779724K [0x0000000706000000, 0x0000000775f00000, 0x00000007aca80000)
  object space 1833984K, 97% used [0x0000000706000000,0x0000000772a032a0,0x0000000775f00000)
 PSPermGen       total 21504K, used 12796K [0x00000006fba00000, 0x00000006fcf00000, 0x0000000706000000)
  object space 21504K, 59% used [0x00000006fba00000,0x00000006fc67f1a0,0x00000006fcf00000)

